#
# There is insufficient memory for the Java Runtime Environment to continue.
# Native memory allocation (malloc) failed to allocate 917456 bytes for Chunk::new
# Possible reasons:
#   The system is out of physical RAM or swap space
#   In 32 bit mode, the process size limit was hit
# Possible solutions:
#   Reduce memory load on the system
#   Increase physical memory or swap space
#   Check if swap backing store is full
#   Use 64 bit Java on a 64 bit OS
#   Decrease Java heap size (-Xmx/-Xms)
#   Decrease number of Java threads
#   Decrease Java thread stack sizes (-Xss)
#   Set larger code cache with -XX:ReservedCodeCacheSize=
# This output file may be truncated or incomplete.
#
#  Out of Memory Error (allocation.cpp:323), pid=12384, tid=13168
#
# JRE version: Java(TM) SE Runtime Environment (7.0_80-b15) (build 1.7.0_80-b15)
# Java VM: Java HotSpot(TM) 64-Bit Server VM (24.80-b11 mixed mode windows-amd64 compressed oops)
# Failed to write core dump. Minidumps are not enabled by default on client versions of Windows
#

---------------  T H R E A D  ---------------

Current thread (0x000000000ac83800):  JavaThread "C2 CompilerThread1" daemon [_thread_in_native, id=13168, stack(0x000000000b350000,0x000000000b450000)]

Stack: [0x000000000b350000,0x000000000b450000]
[error occurred during error reporting (printing stack bounds), id 0xc0000005]


[error occurred during error reporting (printing native stack), id 0xc0000005]


Current CompileTask:
C2:   3133  380             com.android.dx.ssa.back.FirstFitLocalCombiningAllocator::handleNormalUnassociated (99 bytes)


---------------  P R O C E S S  ---------------

Java Threads: ( => current thread )
  0x000000000ade2800 JavaThread "pool-2-thread-4" [_thread_in_Java, id=7868, stack(0x000000000ba50000,0x000000000bb50000)]
  0x000000000ade0000 JavaThread "pool-2-thread-3" [_thread_in_Java, id=12424, stack(0x000000000b950000,0x000000000ba50000)]
  0x000000000addf000 JavaThread "pool-2-thread-2" [_thread_in_Java, id=15236, stack(0x000000000b850000,0x000000000b950000)]
  0x000000000add7800 JavaThread "pool-3-thread-1" [_thread_blocked, id=600, stack(0x000000000b750000,0x000000000b850000)]
  0x000000000add6800 JavaThread "pool-2-thread-1" [_thread_in_Java, id=12548, stack(0x000000000b650000,0x000000000b750000)]
  0x0000000002929000 JavaThread "Service Thread" daemon [_thread_blocked, id=13116, stack(0x000000000b450000,0x000000000b550000)]
=>0x000000000ac83800 JavaThread "C2 CompilerThread1" daemon [_thread_in_native, id=13168, stack(0x000000000b350000,0x000000000b450000)]
  0x000000000ac82000 JavaThread "C2 CompilerThread0" daemon [_thread_in_native, id=13980, stack(0x000000000b250000,0x000000000b350000)]
  0x0000000002926000 JavaThread "Attach Listener" daemon [_thread_blocked, id=12320, stack(0x000000000b150000,0x000000000b250000)]
  0x000000000291e800 JavaThread "Signal Dispatcher" daemon [_thread_blocked, id=7096, stack(0x000000000b050000,0x000000000b150000)]
  0x0000000008c8a000 JavaThread "Finalizer" daemon [_thread_blocked, id=2352, stack(0x000000000ab50000,0x000000000ac50000)]
  0x0000000008c89000 JavaThread "Reference Handler" daemon [_thread_blocked, id=11276, stack(0x000000000aa50000,0x000000000ab50000)]
  0x000000000272d800 JavaThread "main" [_thread_in_vm, id=12444, stack(0x0000000002620000,0x0000000002720000)]

Other Threads:
  0x0000000008c84800 VMThread [stack: 0x000000000a950000,0x000000000aa50000] [id=13332]
  0x000000000292d800 WatcherThread [stack: 0x000000000b550000,0x000000000b650000] [id=14432]

VM state:not at safepoint (normal execution)

VM Mutex/Monitor currently owned by a thread: None

Heap
 PSYoungGen      total 71680K, used 39124K [0x00000000eaa80000, 0x00000000ef580000, 0x0000000100000000)
  eden space 66560K, 51% used [0x00000000eaa80000,0x00000000ecbb7bb0,0x00000000eeb80000)
  from space 5120K, 99% used [0x00000000ef080000,0x00000000ef57d5e8,0x00000000ef580000)
  to   space 5120K, 0% used [0x00000000eeb80000,0x00000000eeb80000,0x00000000ef080000)
 ParOldGen       total 86528K, used 6692K [0x00000000c0000000, 0x00000000c5480000, 0x00000000eaa80000)
  object space 86528K, 7% used [0x00000000c0000000,0x00000000c0689328,0x00000000c5480000)
 PSPermGen       total 21504K, used 5899K [0x00000000bae00000, 0x00000000bc300000, 0x00000000c0000000)
  object space 21504K, 27% used [0x00000000bae00000,0x00000000bb3c2db8,0x00000000bc300000)

Card table byte_map: [0x0000000005a00000,0x0000000005c30000] byte_map_base: 0x0000000005429000

Polling page: 0x0000000000b40000

Code Cache  [0x0000000002940000, 0x0000000002bb0000, 0x0000000005940000)
 total_blobs=618 nmethods=379 adapters=191 free_code_cache=47733Kb largest_free_block=48849856

Compilation events (10 events):
Event: 3.069 Thread 0x000000000ac83800 nmethod 375 0x0000000002a99c10 code [0x0000000002a99d60, 0x0000000002a9a0d8]
Event: 3.069 Thread 0x000000000ac83800  376             com.android.dx.ssa.SsaMethod::makeExitBlock (134 bytes)
Event: 3.099 Thread 0x000000000ac83800 nmethod 376 0x0000000002aa74d0 code [0x0000000002aa7700, 0x0000000002aa8818]
Event: 3.099 Thread 0x000000000ac83800  377             com.android.dx.cf.code.BaseMachine::popArgs (62 bytes)
Event: 3.103 Thread 0x000000000ac83800 nmethod 377 0x0000000002aa4f50 code [0x0000000002aa50c0, 0x0000000002aa5518]
Event: 3.103 Thread 0x000000000ac83800  378             com.android.dx.ssa.LocalVariableExtractor::doit (59 bytes)
Event: 3.108 Thread 0x000000000ac83800 nmethod 378 0x0000000002a99490 code [0x0000000002a99600, 0x0000000002a99908]
Event: 3.108 Thread 0x000000000ac83800  379             com.android.dx.ssa.SsaRenamer$BlockRenamer$RenamingMapper::map (28 bytes)
Event: 3.109 Thread 0x000000000ac83800 nmethod 379 0x0000000002aa4b90 code [0x0000000002aa4ce0, 0x0000000002aa4dc8]
Event: 3.109 Thread 0x000000000ac83800  380             com.android.dx.ssa.back.FirstFitLocalCombiningAllocator::handleNormalUnassociated (99 bytes)

GC Heap History (4 events):
Event: 2.307 GC heap before
{Heap before GC invocations=1 (full 0):
 PSYoungGen      total 38400K, used 33280K [0x00000000eaa80000, 0x00000000ed500000, 0x0000000100000000)
  eden space 33280K, 100% used [0x00000000eaa80000,0x00000000ecb00000,0x00000000ecb00000)
  from space 5120K, 0% used [0x00000000ed000000,0x00000000ed000000,0x00000000ed500000)
  to   space 5120K, 0% used [0x00000000ecb00000,0x00000000ecb00000,0x00000000ed000000)
 ParOldGen       total 86528K, used 0K [0x00000000c0000000, 0x00000000c5480000, 0x00000000eaa80000)
  object space 86528K, 0% used [0x00000000c0000000,0x00000000c0000000,0x00000000c5480000)
 PSPermGen       total 21504K, used 5802K [0x00000000bae00000, 0x00000000bc300000, 0x00000000c0000000)
  object space 21504K, 26% used [0x00000000bae00000,0x00000000bb3aa898,0x00000000bc300000)
Event: 2.332 GC heap after
Heap after GC invocations=1 (full 0):
 PSYoungGen      total 38400K, used 5094K [0x00000000eaa80000, 0x00000000ef580000, 0x0000000100000000)
  eden space 33280K, 0% used [0x00000000eaa80000,0x00000000eaa80000,0x00000000ecb00000)
  from space 5120K, 99% used [0x00000000ecb00000,0x00000000ecff9af8,0x00000000ed000000)
  to   space 5120K, 0% used [0x00000000ef080000,0x00000000ef080000,0x00000000ef580000)
 ParOldGen       total 86528K, used 1986K [0x00000000c0000000, 0x00000000c5480000, 0x00000000eaa80000)
  object space 86528K, 2% used [0x00000000c0000000,0x00000000c01f0840,0x00000000c5480000)
 PSPermGen       total 21504K, used 5802K [0x00000000bae00000, 0x00000000bc300000, 0x00000000c0000000)
  object space 21504K, 26% used [0x00000000bae00000,0x00000000bb3aa898,0x00000000bc300000)
}
Event: 2.787 GC heap before
{Heap before GC invocations=2 (full 0):
 PSYoungGen      total 38400K, used 38374K [0x00000000eaa80000, 0x00000000ef580000, 0x0000000100000000)
  eden space 33280K, 100% used [0x00000000eaa80000,0x00000000ecb00000,0x00000000ecb00000)
  from space 5120K, 99% used [0x00000000ecb00000,0x00000000ecff9af8,0x00000000ed000000)
  to   space 5120K, 0% used [0x00000000ef080000,0x00000000ef080000,0x00000000ef580000)
 ParOldGen       total 86528K, used 1986K [0x00000000c0000000, 0x00000000c5480000, 0x00000000eaa80000)
  object space 86528K, 2% used [0x00000000c0000000,0x00000000c01f0840,0x00000000c5480000)
 PSPermGen       total 21504K, used 5868K [0x00000000bae00000, 0x00000000bc300000, 0x00000000c0000000)
  object space 21504K, 27% used [0x00000000bae00000,0x00000000bb3bb0b0,0x00000000bc300000)
Event: 2.813 GC heap after
Heap after GC invocations=2 (full 0):
 PSYoungGen      total 71680K, used 5109K [0x00000000eaa80000, 0x00000000ef580000, 0x0000000100000000)
  eden space 66560K, 0% used [0x00000000eaa80000,0x00000000eaa80000,0x00000000eeb80000)
  from space 5120K, 99% used [0x00000000ef080000,0x00000000ef57d5e8,0x00000000ef580000)
  to   space 5120K, 0% used [0x00000000eeb80000,0x00000000eeb80000,0x00000000ef080000)
 ParOldGen       total 86528K, used 6692K [0x00000000c0000000, 0x00000000c5480000, 0x00000000eaa80000)
  object space 86528K, 7% used [0x00000000c0000000,0x00000000c0689328,0x00000000c5480000)
 PSPermGen       total 21504K, used 5868K [0x00000000bae00000, 0x00000000bc300000, 0x00000000c0000000)
  object space 21504K, 27% used [0x00000000bae00000,0x00000000bb3bb0b0,0x00000000bc300000)
}

Deoptimization events (10 events):
Event: 2.754 Thread 0x000000000272d800 Uncommon trap: reason=class_check action=maybe_recompile pc=0x0000000002a5ac14 method=com.android.dx.cf.code.Ropper.processBlock(Lcom/android/dx/cf/code/ByteBlock;Lcom/android/dx/cf/code/Frame;[I)V @ 777
Event: 2.872 Thread 0x000000000addf000 Uncommon trap: reason=null_check action=make_not_entrant pc=0x0000000002a046bc method=com.android.dx.ssa.SsaRenamer.getLocalForNewReg(I)Lcom/android/dx/rop/code/LocalItem; @ 19
Event: 3.069 Thread 0x000000000addf000 Uncommon trap: reason=unstable_if action=reinterpret pc=0x0000000002a5a634 method=com.android.dx.cf.code.Ropper.processBlock(Lcom/android/dx/cf/code/ByteBlock;Lcom/android/dx/cf/code/Frame;[I)V @ 413
Event: 3.069 Thread 0x000000000addf000 Uncommon trap: reason=unstable_if action=reinterpret pc=0x0000000002a1152c method=com.android.dx.util.IntList.binarysearch(I)I @ 105
Event: 3.078 Thread 0x000000000addf000 Uncommon trap: reason=unstable_if action=reinterpret pc=0x0000000002a1b96c method=com.android.dx.util.IntList.binarysearch(I)I @ 105
Event: 3.079 Thread 0x000000000addf000 Uncommon trap: reason=unstable_if action=reinterpret pc=0x0000000002a2ab4c method=com.android.dx.ssa.SsaBasicBlock.newFromRop(Lcom/android/dx/rop/code/RopMethod;ILcom/android/dx/ssa/SsaMethod;)Lcom/android/dx/ssa/SsaBasicBlock; @ 164
Event: 3.081 Thread 0x000000000addf000 Uncommon trap: reason=unstable_if action=reinterpret pc=0x0000000002a56164 method=com.android.dx.ssa.SsaMethod.blockIndexToRopLabel(I)I @ 1
Event: 3.081 Thread 0x000000000addf000 Uncommon trap: reason=unstable_if action=reinterpret pc=0x0000000002a651f0 method=com.android.dx.dex.code.RopTranslator.pickOrder()V @ 279
Event: 3.107 Thread 0x000000000ade2800 Uncommon trap: reason=bimorphic action=maybe_recompile pc=0x0000000002a6f584 method=com.android.dx.cf.code.BytecodeArray.parseInstruction(ILcom/android/dx/cf/code/BytecodeArray$Visitor;)I @ 939
Event: 3.107 Thread 0x000000000ade2800 Uncommon trap: reason=bimorphic action=maybe_recompile pc=0x0000000002a6f584 method=com.android.dx.cf.code.BytecodeArray.parseInstruction(ILcom/android/dx/cf/code/BytecodeArray$Visitor;)I @ 939

Internal exceptions (10 events):
Event: 1.896 Thread 0x000000000ade0000 Implicit null exception at 0x00000000029b3231 to 0x00000000029b3431
Event: 1.964 Thread 0x000000000272d800 Threw 0x00000000eb82cca8 at C:\re\jdk7u80\2329\hotspot\src\share\vm\prims\jvm.cpp:1319
Event: 2.022 Thread 0x000000000272d800 Threw 0x00000000ebc7c210 at C:\re\jdk7u80\2329\hotspot\src\share\vm\prims\jvm.cpp:1319
Event: 2.023 Thread 0x000000000272d800 Threw 0x00000000ebc7e3d0 at C:\re\jdk7u80\2329\hotspot\src\share\vm\prims\jvm.cpp:1319
Event: 2.023 Thread 0x000000000ade0000 Threw 0x00000000ebcf94c8 at C:\re\jdk7u80\2329\hotspot\src\share\vm\prims\jvm.cpp:1319
Event: 2.046 Thread 0x000000000ade0000 Threw 0x00000000ebf2d248 at C:\re\jdk7u80\2329\hotspot\src\share\vm\prims\jvm.cpp:1319
Event: 2.072 Thread 0x000000000272d800 Implicit null exception at 0x00000000029e48bb to 0x00000000029e4f75
Event: 2.119 Thread 0x000000000addf000 Implicit null exception at 0x00000000029dc152 to 0x00000000029dc245
Event: 2.872 Thread 0x000000000addf000 Implicit null exception at 0x0000000002a030ca to 0x0000000002a04689
Event: 3.066 Thread 0x000000000ade0000 Threw 0x00000000ebb10a20 at C:\re\jdk7u80\2329\hotspot\src\share\vm\prims\jvm.cpp:1319

Events (10 events):
Event: 3.081 Thread 0x000000000addf000 DEOPT UNPACKING pc=0x00000000029775a4 sp=0x000000000b94e798 mode 2
Event: 3.081 Thread 0x000000000addf000 Uncommon trap: trap_request=0xffffff75 fr.pc=0x0000000002a651f0
Event: 3.081 Thread 0x000000000addf000 DEOPT PACKING pc=0x0000000002a651f0 sp=0x000000000b94ea30
Event: 3.081 Thread 0x000000000addf000 DEOPT UNPACKING pc=0x00000000029775a4 sp=0x000000000b94e9a0 mode 2
Event: 3.107 Thread 0x000000000ade2800 Uncommon trap: trap_request=0xffffffc6 fr.pc=0x0000000002a6f584
Event: 3.107 Thread 0x000000000ade2800 DEOPT PACKING pc=0x0000000002a6f584 sp=0x000000000bb4ea20
Event: 3.107 Thread 0x000000000ade2800 DEOPT UNPACKING pc=0x00000000029775a4 sp=0x000000000bb4e9c8 mode 2
Event: 3.107 Thread 0x000000000ade2800 Uncommon trap: trap_request=0xffffffc6 fr.pc=0x0000000002a6f584
Event: 3.107 Thread 0x000000000ade2800 DEOPT PACKING pc=0x0000000002a6f584 sp=0x000000000bb4ea20
Event: 3.107 Thread 0x000000000ade2800 DEOPT UNPACKING pc=0x00000000029775a4 sp=0x000000000bb4e9c8 mode 2


Dynamic libraries:
0x00007ff7e29f0000 - 0x00007ff7e2a23000 	C:\Program Files\Java\jdk1.7.0_80\bin\java.exe
0x00007ffb04030000 - 0x00007ffb041f1000 	C:\windows\SYSTEM32\ntdll.dll
0x00007ffb039f0000 - 0x00007ffb03a9d000 	C:\windows\system32\KERNEL32.DLL
0x00007ffb014c0000 - 0x00007ffb0169d000 	C:\windows\system32\KERNELBASE.dll
0x00007ffb02110000 - 0x00007ffb021b6000 	C:\windows\system32\ADVAPI32.dll
0x00007ffb03e60000 - 0x00007ffb03efd000 	C:\windows\system32\msvcrt.dll
0x00007ffb03f10000 - 0x00007ffb03f6b000 	C:\windows\system32\sechost.dll
0x00007ffb03cd0000 - 0x00007ffb03df6000 	C:\windows\system32\RPCRT4.dll
0x00007ffb01d40000 - 0x00007ffb01e8e000 	C:\windows\system32\USER32.dll
0x00007ffb01a30000 - 0x00007ffb01bb6000 	C:\windows\system32\GDI32.dll
0x00007ffafc110000 - 0x00007ffafc384000 	C:\windows\WinSxS\amd64_microsoft.windows.common-controls_6595b64144ccf1df_6.0.10240.16384_none_f41f7b285750ef43\COMCTL32.dll
0x00007ffb019f0000 - 0x00007ffb01a26000 	C:\windows\system32\IMM32.DLL
0x00007ffb01be0000 - 0x00007ffb01d3c000 	C:\windows\system32\MSCTF.dll
0x000000005e0f0000 - 0x000000005e1c2000 	C:\Program Files\Java\jdk1.7.0_80\jre\bin\msvcr100.dll
0x000000005e660000 - 0x000000005ee39000 	C:\Program Files\Java\jdk1.7.0_80\jre\bin\server\jvm.dll
0x00007ffb03910000 - 0x00007ffb03918000 	C:\windows\system32\PSAPI.DLL
0x00007ffafcd10000 - 0x00007ffafcd19000 	C:\windows\SYSTEM32\WSOCK32.dll
0x00007ffb02370000 - 0x00007ffb023d9000 	C:\windows\system32\WS2_32.dll
0x00007ffb04020000 - 0x00007ffb04028000 	C:\windows\system32\NSI.dll
0x00007ffafed10000 - 0x00007ffafed33000 	C:\windows\SYSTEM32\WINMM.dll
0x00007ffafeb80000 - 0x00007ffafebac000 	C:\windows\SYSTEM32\WINMMBASE.dll
0x00007ffb012a0000 - 0x00007ffb012e4000 	C:\windows\system32\cfgmgr32.dll
0x00007ffaff3d0000 - 0x00007ffaff3f7000 	C:\windows\SYSTEM32\DEVOBJ.dll
0x000000005e570000 - 0x000000005e57f000 	C:\Program Files\Java\jdk1.7.0_80\jre\bin\verify.dll
0x000000005e540000 - 0x000000005e568000 	C:\Program Files\Java\jdk1.7.0_80\jre\bin\java.dll
0x000000005e520000 - 0x000000005e536000 	C:\Program Files\Java\jdk1.7.0_80\jre\bin\zip.dll
0x000000005e500000 - 0x000000005e51a000 	C:\Program Files\Java\jdk1.7.0_80\jre\bin\net.dll
0x00007ffb002d0000 - 0x00007ffb0032d000 	C:\windows\system32\mswsock.dll
0x000000005e4e0000 - 0x000000005e4f1000 	C:\Program Files\Java\jdk1.7.0_80\jre\bin\nio.dll

VM Arguments:
jvm_args: -Djava.awt.headless=true -Xmx1024M -Dfile.encoding=GBK -Duser.country=CN -Duser.language=zh -Duser.variant 
java_command: com.android.dx.command.Main --dex --force-jumbo --num-threads=4 --multi-dex --output C:\github_demo\CustomProgress\app\build\intermediates\transforms\dex\debug\folders\1000\10\com.android.support-appcompat-v7-23.1.1_8cdb9165a5dffbd5aa239daf6236c6ab921c13b8 C:\github_demo\CustomProgress\app\build\intermediates\exploded-aar\com.android.support\appcompat-v7\23.1.1\jars\classes.jar
Launcher Type: SUN_STANDARD

Environment Variables:
PATH=C:\windows\system32;C:\windows;C:\windows\System32\Wbem;C:\windows\System32\WindowsPowerShell\v1.0\;C:\Program Files\TortoiseSVN\bin;C:\Program Files\VisualSVN Server\bin;C:\tools\sdk\platform-tools
USERNAME=Administrator
OS=Windows_NT
PROCESSOR_IDENTIFIER=Intel64 Family 6 Model 60 Stepping 3, GenuineIntel



---------------  S Y S T E M  ---------------

OS: Windows 8.1 , 64 bit Build 9600 

CPU:total 8 (4 cores per cpu, 2 threads per core) family 6 model 60 stepping 3, cmov, cx8, fxsr, mmx, sse, sse2, sse3, ssse3, sse4.1, sse4.2, popcnt, avx, avx2, aes, erms, ht, tsc, tscinvbit

Memory: 4k page, physical 8334200k(1718664k free), swap 10431352k(5896k free)

vm_info: Java HotSpot(TM) 64-Bit Server VM (24.80-b11) for windows-amd64 JRE (1.7.0_80-b15), built on Apr 10 2015 11:26:34 by "java_re" with unknown MS VC++:1600

time: Fri Aug 19 11:57:51 2016
elapsed time: 3 seconds

